This is METAFONT, Version 2.71828 (Web2C 7.5.6) (base=mf 2009.11.11)  11 NOV 2009 14:25
**\mode:=ljfour; mag:=1; nonstopmode; input larm1200
(/home/ar/.texmf-var/fonts/source/lh/lh-t2a/larm1200.mf
(/usr/share/texmf-texlive/fonts/source/lh/base/fikparm.mf
(/usr/share/texmf-texlive/fonts/source/public/cm/cmbase.mf)
(/usr/share/texmf-texlive/fonts/source/lh/base/lcyrbeg.mf)
(/usr/share/texmf-texlive/fonts/source/lh/base/lkligtbl.mf)
>> 12
>> "input ecrm"
! I can't find file `ecrm'.
<scantokens> input ecrm
                       
<to be read again> 
                   ;
use_driver->...#=pt#;pt#:=true_pt#;scantokens(ss);
                                                  pt#:=true_pt#;font_identif...
l.293 use_driver(fonteq)
                        ;
Please type another input file name
! Emergency stop.
<scantokens> input ecrm
                       
<to be read again> 
                   ;
use_driver->...#=pt#;pt#:=true_pt#;scantokens(ss);
                                                  pt#:=true_pt#;font_identif...
l.293 use_driver(fonteq)
                        ;
*** (job aborted, file error in nonstop mode)

 
Here is how much of METAFONT's memory you used:
 435 strings out of 5276
 4147 string characters out of 70089
 25404 words of memory out of 1500000
 1332 symbolic tokens out of 9500
 5i,80n,0r,4p,185b stack positions out of 300i,300n,1000r,150p,200000b

